  Car.cpp
E:\University\Term 3\Programming\Game Project\Frogger_Game\frogger\Car.cpp(58): warning C4244: 'return': conversion from 'int' to 'float', possible loss of data
E:\University\Term 3\Programming\Game Project\Frogger_Game\frogger\Car.cpp(71): warning C4244: 'return': conversion from 'T' to 'int', possible loss of data
          with
          [
              T=float
          ]
  Frog.cpp
E:\University\Term 3\Programming\Game Project\Frogger_Game\frogger\Frog.cpp(7): warning C4244: 'return': conversion from 'T' to 'int', possible loss of data
          with
          [
              T=float
          ]
E:\University\Term 3\Programming\Game Project\Frogger_Game\frogger\Frog.cpp(105): warning C4018: '<': signed/unsigned mismatch
  Game.cpp
E:\University\Term 3\Programming\Game Project\Frogger_Game\frogger\Game.cpp(7): warning C4244: 'argument': conversion from 'time_t' to 'unsigned int', possible loss of data
E:\University\Term 3\Programming\Game Project\Frogger_Game\frogger\Game.cpp(60): warning C4244: '=': conversion from 'double' to 'int', possible loss of data
E:\University\Term 3\Programming\Game Project\Frogger_Game\frogger\Game.cpp(63): warning C4244: 'argument': conversion from 'int' to 'T', possible loss of data
          with
          [
              T=float
          ]
E:\University\Term 3\Programming\Game Project\Frogger_Game\frogger\Game.cpp(64): warning C4244: '+=': conversion from 'double' to 'int', possible loss of data
E:\University\Term 3\Programming\Game Project\Frogger_Game\frogger\Game.cpp(70): warning C4244: '=': conversion from 'double' to 'int', possible loss of data
E:\University\Term 3\Programming\Game Project\Frogger_Game\frogger\Game.cpp(73): warning C4244: 'argument': conversion from 'int' to 'T', possible loss of data
          with
          [
              T=float
          ]
E:\University\Term 3\Programming\Game Project\Frogger_Game\frogger\Game.cpp(74): warning C4244: '+=': conversion from 'float' to 'int', possible loss of data
E:\University\Term 3\Programming\Game Project\Frogger_Game\frogger\Game.cpp(89): warning C4018: '<': signed/unsigned mismatch
E:\University\Term 3\Programming\Game Project\Frogger_Game\frogger\Game.cpp(94): warning C4244: 'argument': conversion from 'int' to 'T', possible loss of data
          with
          [
              T=float
          ]
E:\University\Term 3\Programming\Game Project\Frogger_Game\frogger\Game.cpp(103): warning C4018: '<': signed/unsigned mismatch
E:\University\Term 3\Programming\Game Project\Frogger_Game\frogger\Game.cpp(108): warning C4244: 'argument': conversion from 'int' to 'T', possible loss of data
          with
          [
              T=float
          ]
E:\University\Term 3\Programming\Game Project\Frogger_Game\frogger\Game.cpp(137): warning C4018: '<': signed/unsigned mismatch
E:\University\Term 3\Programming\Game Project\Frogger_Game\frogger\Game.cpp(141): warning C4018: '<': signed/unsigned mismatch
  Log.cpp
E:\University\Term 3\Programming\Game Project\Frogger_Game\frogger\Log.cpp(73): warning C4244: 'return': conversion from 'int' to 'float', possible loss of data
E:\University\Term 3\Programming\Game Project\Frogger_Game\frogger\Log.cpp(86): warning C4244: 'return': conversion from 'T' to 'int', possible loss of data
          with
          [
              T=float
          ]
  Main.cpp
  Generating Code...
  frogger.vcxproj -> E:\University\Term 3\Programming\Game Project\Frogger_Game\frogger\Debug\frogger.exe
